DEPRECATION WARNING: ActiveRecord::Base.raise_in_transactional_callbacks= is deprecated, has no effect and will be removed without replacement. (called from require at bin/rails:9)
  [1m[36mActiveRecord::SchemaMigration Load (0.1ms)[0m  [1m[34mSELECT "schema_migrations".* FROM "schema_migrations"[0m
  [1m[35m (0.0ms)[0m  [1m[36mbegin transaction[0m
  [1m[35mSQL (0.4ms)[0m  [1m[32mINSERT INTO "articles" ("title", "text", "created_at", "updated_at") VALUES (?, ?, ?, ?)[0m  [["title", "Where did you go?"], ["text", "I had to get a toothbrush."], ["created_at", "2017-10-26 02:30:29.291039"], ["updated_at", "2017-10-26 02:30:29.291039"]]
  [1m[35m (1.4ms)[0m  [1m[36mcommit transaction[0m
  [1m[35m (0.0ms)[0m  [1m[36mbegin transaction[0m
  [1m[35mSQL (0.2ms)[0m  [1m[32mINSERT INTO "articles" ("title", "text", "created_at", "updated_at") VALUES (?, ?, ?, ?)[0m  [["title", "Why I eat grapes"], ["text", "They are very refreshing."], ["created_at", "2017-10-26 02:30:29.294403"], ["updated_at", "2017-10-26 02:30:29.294403"]]
  [1m[35m (0.7ms)[0m  [1m[36mcommit transaction[0m
  [1m[35m (0.0ms)[0m  [1m[36mbegin transaction[0m
  [1m[35mSQL (0.2ms)[0m  [1m[32mINSERT INTO "articles" ("title", "text", "created_at", "updated_at") VALUES (?, ?, ?, ?)[0m  [["title", "Sally meets Walter"], ["text", "We had a nice lunch."], ["created_at", "2017-10-26 02:30:29.296428"], ["updated_at", "2017-10-26 02:30:29.296428"]]
  [1m[35m (0.7ms)[0m  [1m[36mcommit transaction[0m
  [1m[35m (0.0ms)[0m  [1m[36mbegin transaction[0m
  [1m[35mSQL (0.2ms)[0m  [1m[32mINSERT INTO "articles" ("title", "text", "created_at", "updated_at") VALUES (?, ?, ?, ?)[0m  [["title", "Mother commented"], ["text", "He'll make a good first husband."], ["created_at", "2017-10-26 02:30:29.298084"], ["updated_at", "2017-10-26 02:30:29.298084"]]
  [1m[35m (0.6ms)[0m  [1m[36mcommit transaction[0m
  [1m[35m (0.0ms)[0m  [1m[36mbegin transaction[0m
  [1m[35mSQL (0.2ms)[0m  [1m[32mINSERT INTO "articles" ("title", "text", "created_at", "updated_at") VALUES (?, ?, ?, ?)[0m  [["title", "My New Bike"], ["text", "It is a Red Sting Ray"], ["created_at", "2017-10-26 02:30:29.299807"], ["updated_at", "2017-10-26 02:30:29.299807"]]
  [1m[35m (0.6ms)[0m  [1m[36mcommit transaction[0m
Started GET "/" for 127.0.0.1 at 2017-10-25 22:30:38 -0400
DEPRECATION WARNING: ActiveRecord::Base.raise_in_transactional_callbacks= is deprecated, has no effect and will be removed without replacement. (called from block (3 levels) in <class:Railtie> at /Users/BradSmith/.rvm/gems/ruby-2.3.0/gems/activerecord-5.0.6/lib/active_record/railtie.rb:113)
  [1m[36mActiveRecord::SchemaMigration Load (0.1ms)[0m  [1m[34mSELECT "schema_migrations".* FROM "schema_migrations"[0m
Processing by WelcomeController#index as HTML
  Rendering welcome/index.html.erb within layouts/application
  Rendered welcome/index.html.erb within layouts/application (4.8ms)
Completed 200 OK in 252ms (Views: 242.3ms | ActiveRecord: 0.0ms)


Started GET "/articles" for 127.0.0.1 at 2017-10-25 22:30:40 -0400
Processing by ArticlesController#index as HTML
  Rendering articles/index.html.erb within layouts/application
  [1m[36mArticle Load (0.2ms)[0m  [1m[34mSELECT "articles".* FROM "articles"[0m
  Rendered articles/index.html.erb within layouts/application (10.3ms)
Completed 200 OK in 41ms (Views: 31.0ms | ActiveRecord: 0.8ms)


DEPRECATION WARNING: ActiveRecord::Base.raise_in_transactional_callbacks= is deprecated, has no effect and will be removed without replacement. (called from <top (required)> at /Users/BradSmith/dev/ajax/ajax-lab1/config/environment.rb:5)
  [1m[36mActiveRecord::SchemaMigration Load (0.1ms)[0m  [1m[34mSELECT "schema_migrations".* FROM "schema_migrations"[0m
  [1m[35m (0.1ms)[0m  [1m[34mSELECT "ar_internal_metadata"."value" FROM "ar_internal_metadata" WHERE "ar_internal_metadata"."key" = ?[0m  [["key", "environment"]]
  [1m[36mActiveRecord::SchemaMigration Load (0.0ms)[0m  [1m[34mSELECT "schema_migrations".* FROM "schema_migrations"[0m
  [1m[35m (0.0ms)[0m  [1m[34mSELECT "ar_internal_metadata"."value" FROM "ar_internal_metadata" WHERE "ar_internal_metadata"."key" = ?[0m  [["key", "environment"]]
  [1m[36mActiveRecord::SchemaMigration Load (0.1ms)[0m  [1m[34mSELECT "schema_migrations".* FROM "schema_migrations"[0m
  [1m[35m (0.0ms)[0m  [1m[34mSELECT "ar_internal_metadata"."value" FROM "ar_internal_metadata" WHERE "ar_internal_metadata"."key" = ?[0m  [["key", "environment"]]
DEPRECATION WARNING: Passing #original_exception is deprecated and has no effect. Exceptions will automatically capture the original exception. (called from require at bin/rails:9)
  [1m[35m (1.2ms)[0m  [1m[35mCREATE TABLE "articles" ("id" INTEGER PRIMARY KEY AUTOINCREMENT NOT NULL, "title" varchar, "text" text, "created_at" datetime NOT NULL, "updated_at" datetime NOT NULL)[0m
  [1m[35m (0.9ms)[0m  [1m[35mCREATE TABLE "comments" ("id" INTEGER PRIMARY KEY AUTOINCREMENT NOT NULL, "commenter" varchar, "body" text, "article_id" integer, "created_at" datetime NOT NULL, "updated_at" datetime NOT NULL)[0m
  [1m[35m (0.1ms)[0m  [1m[34mselect sqlite_version(*)[0m
  [1m[35m (0.8ms)[0m  [1m[35mCREATE  INDEX "index_comments_on_article_id" ON "comments" ("article_id")[0m
  [1m[35m (0.9ms)[0m  [1m[35mCREATE TABLE "schema_migrations" ("version" varchar NOT NULL PRIMARY KEY)[0m
  [1m[35m (0.1ms)[0m  [1m[34mSELECT version FROM "schema_migrations"[0m
  [1m[35m (0.8ms)[0m  [1m[32mINSERT INTO "schema_migrations" (version) VALUES (20160511155927)[0m
  [1m[35m (0.8ms)[0m  [1m[32mINSERT INTO "schema_migrations" (version) VALUES
(20160427045000);

[0m
  [1m[35m (0.8ms)[0m  [1m[35mCREATE TABLE "ar_internal_metadata" ("key" varchar NOT NULL PRIMARY KEY, "value" varchar, "created_at" datetime NOT NULL, "updated_at" datetime NOT NULL)[0m
  [1m[36mActiveRecord::InternalMetadata Load (0.1ms)[0m  [1m[34mSELECT  "ar_internal_metadata".* FROM "ar_internal_metadata" WHERE "ar_internal_metadata"."key" = ? LIMIT ?[0m  [["key", "environment"], ["LIMIT", 1]]
  [1m[35m (0.0ms)[0m  [1m[36mbegin transaction[0m
  [1m[35mSQL (0.2ms)[0m  [1m[32mINSERT INTO "ar_internal_metadata" ("key", "value", "created_at", "updated_at") VALUES (?, ?, ?, ?)[0m  [["key", "environment"], ["value", "development"], ["created_at", "2017-10-26 02:47:13.259783"], ["updated_at", "2017-10-26 02:47:13.259783"]]
  [1m[35m (0.7ms)[0m  [1m[36mcommit transaction[0m
  [1m[36mActiveRecord::InternalMetadata Load (0.1ms)[0m  [1m[34mSELECT  "ar_internal_metadata".* FROM "ar_internal_metadata" WHERE "ar_internal_metadata"."key" = ? LIMIT ?[0m  [["key", "environment"], ["LIMIT", 1]]
  [1m[35m (0.0ms)[0m  [1m[36mbegin transaction[0m
  [1m[35m (0.0ms)[0m  [1m[36mcommit transaction[0m
  [1m[35m (0.8ms)[0m  [1m[35mCREATE TABLE "articles" ("id" INTEGER PRIMARY KEY AUTOINCREMENT NOT NULL, "title" varchar, "text" text, "created_at" datetime NOT NULL, "updated_at" datetime NOT NULL)[0m
  [1m[35m (0.7ms)[0m  [1m[35mCREATE TABLE "comments" ("id" INTEGER PRIMARY KEY AUTOINCREMENT NOT NULL, "commenter" varchar, "body" text, "article_id" integer, "created_at" datetime NOT NULL, "updated_at" datetime NOT NULL)[0m
  [1m[35m (0.0ms)[0m  [1m[34mselect sqlite_version(*)[0m
  [1m[35m (0.7ms)[0m  [1m[35mCREATE  INDEX "index_comments_on_article_id" ON "comments" ("article_id")[0m
  [1m[35m (0.8ms)[0m  [1m[35mCREATE TABLE "schema_migrations" ("version" varchar NOT NULL PRIMARY KEY)[0m
  [1m[35m (0.1ms)[0m  [1m[34mSELECT version FROM "schema_migrations"[0m
  [1m[35m (0.8ms)[0m  [1m[32mINSERT INTO "schema_migrations" (version) VALUES (20160511155927)[0m
  [1m[35m (0.9ms)[0m  [1m[32mINSERT INTO "schema_migrations" (version) VALUES
(20160427045000);

[0m
  [1m[35m (1.0ms)[0m  [1m[35mCREATE TABLE "ar_internal_metadata" ("key" varchar NOT NULL PRIMARY KEY, "value" varchar, "created_at" datetime NOT NULL, "updated_at" datetime NOT NULL)[0m
  [1m[36mActiveRecord::InternalMetadata Load (0.1ms)[0m  [1m[34mSELECT  "ar_internal_metadata".* FROM "ar_internal_metadata" WHERE "ar_internal_metadata"."key" = ? LIMIT ?[0m  [["key", "environment"], ["LIMIT", 1]]
  [1m[35m (0.0ms)[0m  [1m[36mbegin transaction[0m
  [1m[35mSQL (0.2ms)[0m  [1m[32mINSERT INTO "ar_internal_metadata" ("key", "value", "created_at", "updated_at") VALUES (?, ?, ?, ?)[0m  [["key", "environment"], ["value", "development"], ["created_at", "2017-10-26 02:47:13.274658"], ["updated_at", "2017-10-26 02:47:13.274658"]]
  [1m[35m (1.1ms)[0m  [1m[36mcommit transaction[0m
  [1m[36mActiveRecord::InternalMetadata Load (0.1ms)[0m  [1m[34mSELECT  "ar_internal_metadata".* FROM "ar_internal_metadata" WHERE "ar_internal_metadata"."key" = ? LIMIT ?[0m  [["key", "environment"], ["LIMIT", 1]]
  [1m[35m (0.0ms)[0m  [1m[36mbegin transaction[0m
  [1m[35m (0.0ms)[0m  [1m[36mcommit transaction[0m
  [1m[36mActiveRecord::SchemaMigration Load (0.1ms)[0m  [1m[34mSELECT "schema_migrations".* FROM "schema_migrations"[0m
DEPRECATION WARNING: ActiveRecord::Base.raise_in_transactional_callbacks= is deprecated, has no effect and will be removed without replacement. (called from <top (required)> at /Users/BradSmith/dev/ajax/ajax-lab1/config/environment.rb:5)
  [1m[36mActiveRecord::SchemaMigration Load (0.1ms)[0m  [1m[34mSELECT "schema_migrations".* FROM "schema_migrations"[0m
  [1m[35m (0.1ms)[0m  [1m[34mSELECT "ar_internal_metadata"."value" FROM "ar_internal_metadata" WHERE "ar_internal_metadata"."key" = ?[0m  [["key", "environment"]]
  [1m[36mActiveRecord::SchemaMigration Load (0.0ms)[0m  [1m[34mSELECT "schema_migrations".* FROM "schema_migrations"[0m
  [1m[35m (0.0ms)[0m  [1m[34mSELECT "ar_internal_metadata"."value" FROM "ar_internal_metadata" WHERE "ar_internal_metadata"."key" = ?[0m  [["key", "environment"]]
  [1m[36mActiveRecord::SchemaMigration Load (0.0ms)[0m  [1m[34mSELECT "schema_migrations".* FROM "schema_migrations"[0m
  [1m[35m (0.0ms)[0m  [1m[34mSELECT "ar_internal_metadata"."value" FROM "ar_internal_metadata" WHERE "ar_internal_metadata"."key" = ?[0m  [["key", "environment"]]
DEPRECATION WARNING: ActiveRecord::Base.raise_in_transactional_callbacks= is deprecated, has no effect and will be removed without replacement. (called from require at bin/rails:9)
  [1m[35m (1.7ms)[0m  [1m[35mCREATE TABLE "schema_migrations" ("version" varchar NOT NULL PRIMARY KEY)[0m
  [1m[35m (0.8ms)[0m  [1m[35mCREATE TABLE "ar_internal_metadata" ("key" varchar NOT NULL PRIMARY KEY, "value" varchar, "created_at" datetime NOT NULL, "updated_at" datetime NOT NULL)[0m
  [1m[36mActiveRecord::SchemaMigration Load (0.1ms)[0m  [1m[34mSELECT "schema_migrations".* FROM "schema_migrations"[0m
Migrating to CreatePosts (20160427045000)
  [1m[35m (0.1ms)[0m  [1m[36mbegin transaction[0m
DEPRECATION WARNING: Directly inheriting from ActiveRecord::Migration is deprecated. Please specify the Rails release the migration was written for:

  class CreatePosts < ActiveRecord::Migration[4.2] (called from require at bin/rails:9)
  [1m[35m (0.4ms)[0m  [1m[35mCREATE TABLE "posts" ("id" INTEGER PRIMARY KEY AUTOINCREMENT NOT NULL, "title" varchar, "text" text, "created_at" datetime NOT NULL, "updated_at" datetime NOT NULL)[0m
  [1m[35mSQL (0.1ms)[0m  [1m[32mINSERT INTO "schema_migrations" ("version") VALUES (?)[0m  [["version", "20160427045000"]]
  [1m[35m (0.7ms)[0m  [1m[36mcommit transaction[0m
Migrating to CreateComments (20160511155927)
  [1m[35m (0.0ms)[0m  [1m[36mbegin transaction[0m
DEPRECATION WARNING: Directly inheriting from ActiveRecord::Migration is deprecated. Please specify the Rails release the migration was written for:

  class CreateComments < ActiveRecord::Migration[4.2] (called from require at bin/rails:9)
  [1m[35m (0.3ms)[0m  [1m[35mCREATE TABLE "comments" ("id" INTEGER PRIMARY KEY AUTOINCREMENT NOT NULL, "commenter" varchar, "body" text, "post_id" integer, "created_at" datetime NOT NULL, "updated_at" datetime NOT NULL)[0m
  [1m[35m (0.0ms)[0m  [1m[34mselect sqlite_version(*)[0m
  [1m[35m (0.1ms)[0m  [1m[35mCREATE  INDEX "index_comments_on_post_id" ON "comments" ("post_id")[0m
  [1m[35mSQL (0.1ms)[0m  [1m[32mINSERT INTO "schema_migrations" ("version") VALUES (?)[0m  [["version", "20160511155927"]]
  [1m[35m (0.7ms)[0m  [1m[36mcommit transaction[0m
  [1m[36mActiveRecord::InternalMetadata Load (0.1ms)[0m  [1m[34mSELECT  "ar_internal_metadata".* FROM "ar_internal_metadata" WHERE "ar_internal_metadata"."key" = ? LIMIT ?[0m  [["key", "environment"], ["LIMIT", 1]]
  [1m[35m (0.0ms)[0m  [1m[36mbegin transaction[0m
  [1m[35mSQL (0.2ms)[0m  [1m[32mINSERT INTO "ar_internal_metadata" ("key", "value", "created_at", "updated_at") VALUES (?, ?, ?, ?)[0m  [["key", "environment"], ["value", "development"], ["created_at", "2017-10-26 02:47:27.359354"], ["updated_at", "2017-10-26 02:47:27.359354"]]
  [1m[35m (0.7ms)[0m  [1m[36mcommit transaction[0m
  [1m[36mActiveRecord::SchemaMigration Load (0.1ms)[0m  [1m[34mSELECT "schema_migrations".* FROM "schema_migrations"[0m
  [1m[35m (0.1ms)[0m  [1m[34m            SELECT sql
            FROM sqlite_master
            WHERE name='index_comments_on_post_id' AND type='index'
            UNION ALL
            SELECT sql
            FROM sqlite_temp_master
            WHERE name='index_comments_on_post_id' AND type='index'
[0m
DEPRECATION WARNING: ActiveRecord::Base.raise_in_transactional_callbacks= is deprecated, has no effect and will be removed without replacement. (called from require at bin/rails:9)
  [1m[36mActiveRecord::SchemaMigration Load (0.2ms)[0m  [1m[34mSELECT "schema_migrations".* FROM "schema_migrations"[0m
  [1m[35m (0.0ms)[0m  [1m[36mbegin transaction[0m
  [1m[35mSQL (0.3ms)[0m  [1m[32mINSERT INTO "posts" ("title", "text", "created_at", "updated_at") VALUES (?, ?, ?, ?)[0m  [["title", "Where did you go?"], ["text", "I had to get a toothbrush."], ["created_at", "2017-10-26 02:47:32.433358"], ["updated_at", "2017-10-26 02:47:32.433358"]]
  [1m[35m (1.7ms)[0m  [1m[36mcommit transaction[0m
  [1m[35m (0.0ms)[0m  [1m[36mbegin transaction[0m
  [1m[35mSQL (0.2ms)[0m  [1m[32mINSERT INTO "posts" ("title", "text", "created_at", "updated_at") VALUES (?, ?, ?, ?)[0m  [["title", "Why I eat grapes"], ["text", "They are very refreshing."], ["created_at", "2017-10-26 02:47:32.436932"], ["updated_at", "2017-10-26 02:47:32.436932"]]
  [1m[35m (0.6ms)[0m  [1m[36mcommit transaction[0m
  [1m[35m (0.0ms)[0m  [1m[36mbegin transaction[0m
  [1m[35mSQL (0.2ms)[0m  [1m[32mINSERT INTO "posts" ("title", "text", "created_at", "updated_at") VALUES (?, ?, ?, ?)[0m  [["title", "Sally meets Walter"], ["text", "We had a nice lunch."], ["created_at", "2017-10-26 02:47:32.438877"], ["updated_at", "2017-10-26 02:47:32.438877"]]
  [1m[35m (0.6ms)[0m  [1m[36mcommit transaction[0m
  [1m[35m (0.0ms)[0m  [1m[36mbegin transaction[0m
  [1m[35mSQL (0.2ms)[0m  [1m[32mINSERT INTO "posts" ("title", "text", "created_at", "updated_at") VALUES (?, ?, ?, ?)[0m  [["title", "Mother commented"], ["text", "He'll make a good first husband."], ["created_at", "2017-10-26 02:47:32.440545"], ["updated_at", "2017-10-26 02:47:32.440545"]]
  [1m[35m (0.6ms)[0m  [1m[36mcommit transaction[0m
  [1m[35m (0.0ms)[0m  [1m[36mbegin transaction[0m
  [1m[35mSQL (0.2ms)[0m  [1m[32mINSERT INTO "posts" ("title", "text", "created_at", "updated_at") VALUES (?, ?, ?, ?)[0m  [["title", "My New Bike"], ["text", "It is a Red Sting Ray"], ["created_at", "2017-10-26 02:47:32.442176"], ["updated_at", "2017-10-26 02:47:32.442176"]]
  [1m[35m (0.6ms)[0m  [1m[36mcommit transaction[0m
Started GET "/" for 127.0.0.1 at 2017-10-25 22:47:46 -0400
DEPRECATION WARNING: ActiveRecord::Base.raise_in_transactional_callbacks= is deprecated, has no effect and will be removed without replacement. (called from block (3 levels) in <class:Railtie> at /Users/BradSmith/.rvm/gems/ruby-2.3.0/gems/activerecord-5.0.6/lib/active_record/railtie.rb:113)
  [1m[36mActiveRecord::SchemaMigration Load (0.1ms)[0m  [1m[34mSELECT "schema_migrations".* FROM "schema_migrations"[0m
Processing by WelcomeController#index as HTML
  Rendering welcome/index.html.erb within layouts/application
  Rendered welcome/index.html.erb within layouts/application (5.0ms)
Completed 200 OK in 343ms (Views: 334.0ms | ActiveRecord: 0.0ms)


Started GET "/posts" for 127.0.0.1 at 2017-10-25 22:47:50 -0400
Processing by PostsController#index as HTML
  Rendering posts/index.html.erb within layouts/application
  [1m[36mPost Load (0.2ms)[0m  [1m[34mSELECT "posts".* FROM "posts"[0m
  Rendered posts/index.html.erb within layouts/application (10.0ms)
Completed 200 OK in 40ms (Views: 30.7ms | ActiveRecord: 0.7ms)


Started GET "/posts/5" for 127.0.0.1 at 2017-10-25 22:47:56 -0400
Processing by PostsController#show as HTML
  Parameters: {"id"=>"5"}
  [1m[36mPost Load (0.2ms)[0m  [1m[34mSELECT  "posts".* FROM "posts" WHERE "posts"."id" = ? LIMIT ?[0m  [["id", 5], ["LIMIT", 1]]
  Rendering posts/show.html.erb within layouts/application
  [1m[36mComment Load (0.1ms)[0m  [1m[34mSELECT "comments".* FROM "comments" WHERE "comments"."post_id" = ?[0m  [["post_id", 5]]
  Rendered collection of templates [0 times] (0.0ms)
  Rendered comments/_form.html.erb (12.6ms)
  Rendered posts/show.html.erb within layouts/application (47.0ms)
Completed 500 Internal Server Error in 59ms (ActiveRecord: 0.5ms)


  
ActionView::Template::Error (undefined method `comments' for nil:NilClass):
    1: <%= form_for([@article, @article.comments.build]) do |f| %>
    2:   <p>
    3:     <%= f.label :commenter %><br>
    4:     <%= f.text_field :commenter %>
  
app/views/comments/_form.html.erb:1:in `_app_views_comments__form_html_erb___888101659876821447_70241598063080'
app/views/posts/show.html.erb:15:in `_app_views_posts_show_html_erb___1635175910243970500_70241573229360'
  Rendering /Users/BradSmith/.rvm/gems/ruby-2.3.0/gems/actionpack-5.0.6/lib/action_dispatch/middleware/templates/rescues/template_error.html.erb within rescues/layout
  Rendering /Users/BradSmith/.rvm/gems/ruby-2.3.0/gems/actionpack-5.0.6/lib/action_dispatch/middleware/templates/rescues/_source.html.erb
  Rendered /Users/BradSmith/.rvm/gems/ruby-2.3.0/gems/actionpack-5.0.6/lib/action_dispatch/middleware/templates/rescues/_source.html.erb (3.3ms)
  Rendering /Users/BradSmith/.rvm/gems/ruby-2.3.0/gems/actionpack-5.0.6/lib/action_dispatch/middleware/templates/rescues/_trace.html.erb
  Rendered /Users/BradSmith/.rvm/gems/ruby-2.3.0/gems/actionpack-5.0.6/lib/action_dispatch/middleware/templates/rescues/_trace.html.erb (1.6ms)
  Rendering /Users/BradSmith/.rvm/gems/ruby-2.3.0/gems/actionpack-5.0.6/lib/action_dispatch/middleware/templates/rescues/_request_and_response.html.erb
  Rendered /Users/BradSmith/.rvm/gems/ruby-2.3.0/gems/actionpack-5.0.6/lib/action_dispatch/middleware/templates/rescues/_request_and_response.html.erb (0.9ms)
  Rendered /Users/BradSmith/.rvm/gems/ruby-2.3.0/gems/actionpack-5.0.6/lib/action_dispatch/middleware/templates/rescues/template_error.html.erb within rescues/layout (60.9ms)
DEPRECATION WARNING: #original_exception is deprecated. Use #cause instead. (called from block in render_exception_with_web_console at /Users/BradSmith/.rvm/gems/ruby-2.3.0/gems/web-console-2.3.0/lib/web_console/extensions.rb:16)
DEPRECATION WARNING: Accessing mime types via constants is deprecated. Please change `Mime::HTML` to `Mime[:html]`. (called from acceptable_content_type? at /Users/BradSmith/.rvm/gems/ruby-2.3.0/gems/web-console-2.3.0/lib/web_console/middleware.rb:58)
  Rendering /Users/BradSmith/.rvm/gems/ruby-2.3.0/gems/web-console-2.3.0/lib/web_console/templates/index.html.erb
  Rendered /Users/BradSmith/.rvm/gems/ruby-2.3.0/gems/web-console-2.3.0/lib/web_console/templates/_markup.html.erb (0.4ms)
  Rendering /Users/BradSmith/.rvm/gems/ruby-2.3.0/gems/web-console-2.3.0/lib/web_console/templates/console.js.erb within layouts/javascript
  Rendering /Users/BradSmith/.rvm/gems/ruby-2.3.0/gems/web-console-2.3.0/lib/web_console/templates/_inner_console_markup.html.erb within layouts/inlined_string
  Rendered /Users/BradSmith/.rvm/gems/ruby-2.3.0/gems/web-console-2.3.0/lib/web_console/templates/_inner_console_markup.html.erb within layouts/inlined_string (0.3ms)
  Rendering /Users/BradSmith/.rvm/gems/ruby-2.3.0/gems/web-console-2.3.0/lib/web_console/templates/_prompt_box_markup.html.erb within layouts/inlined_string
  Rendered /Users/BradSmith/.rvm/gems/ruby-2.3.0/gems/web-console-2.3.0/lib/web_console/templates/_prompt_box_markup.html.erb within layouts/inlined_string (0.2ms)
  Rendering /Users/BradSmith/.rvm/gems/ruby-2.3.0/gems/web-console-2.3.0/lib/web_console/templates/style.css.erb within layouts/inlined_string
  Rendered /Users/BradSmith/.rvm/gems/ruby-2.3.0/gems/web-console-2.3.0/lib/web_console/templates/style.css.erb within layouts/inlined_string (0.3ms)
DEPRECATION WARNING: Accessing mime types via constants is deprecated. Please change `Mime::WEB_CONSOLE_V2` to `Mime[:web_console_v2]`. (called from ___sers__rad_mith__rvm_gems_ruby_______gems_web_console_______lib_web_console_templates_console_js_erb___2730501452902089239_70241612122620 at /Users/BradSmith/.rvm/gems/ruby-2.3.0/gems/web-console-2.3.0/lib/web_console/templates/console.js.erb:491)
  Rendered /Users/BradSmith/.rvm/gems/ruby-2.3.0/gems/web-console-2.3.0/lib/web_console/templates/console.js.erb within layouts/javascript (57.0ms)
  Rendering /Users/BradSmith/.rvm/gems/ruby-2.3.0/gems/web-console-2.3.0/lib/web_console/templates/main.js.erb within layouts/javascript
  Rendered /Users/BradSmith/.rvm/gems/ruby-2.3.0/gems/web-console-2.3.0/lib/web_console/templates/main.js.erb within layouts/javascript (0.4ms)
  Rendering /Users/BradSmith/.rvm/gems/ruby-2.3.0/gems/web-console-2.3.0/lib/web_console/templates/error_page.js.erb within layouts/javascript
  Rendered /Users/BradSmith/.rvm/gems/ruby-2.3.0/gems/web-console-2.3.0/lib/web_console/templates/error_page.js.erb within layouts/javascript (0.4ms)
  Rendered /Users/BradSmith/.rvm/gems/ruby-2.3.0/gems/web-console-2.3.0/lib/web_console/templates/index.html.erb (123.2ms)
Started GET "/posts/5" for 127.0.0.1 at 2017-10-25 22:49:15 -0400
Processing by PostsController#show as HTML
  Parameters: {"id"=>"5"}
  [1m[36mPost Load (0.1ms)[0m  [1m[34mSELECT  "posts".* FROM "posts" WHERE "posts"."id" = ? LIMIT ?[0m  [["id", 5], ["LIMIT", 1]]
  Rendering posts/show.html.erb within layouts/application
  [1m[36mComment Load (0.1ms)[0m  [1m[34mSELECT "comments".* FROM "comments" WHERE "comments"."post_id" = ?[0m  [["post_id", 5]]
  Rendered collection of templates [0 times] (0.0ms)
  Rendered comments/_form.html.erb (22.3ms)
  Rendered posts/show.html.erb within layouts/application (24.7ms)
Completed 200 OK in 37ms (Views: 35.1ms | ActiveRecord: 0.3ms)


Started GET "/" for 127.0.0.1 at 2017-10-25 22:49:19 -0400
Processing by WelcomeController#index as HTML
  Rendering welcome/index.html.erb within layouts/application
  Rendered welcome/index.html.erb within layouts/application (1.2ms)
Completed 200 OK in 17ms (Views: 15.0ms | ActiveRecord: 0.0ms)


Started GET "/posts/new" for 127.0.0.1 at 2017-10-25 22:49:21 -0400
Processing by PostsController#new as HTML
  Rendering posts/new.html.erb within layouts/application
  Rendered posts/_form.html.erb (2.1ms)
  Rendered posts/new.html.erb within layouts/application (6.0ms)
Completed 200 OK in 27ms (Views: 23.8ms | ActiveRecord: 0.0ms)


Started POST "/posts" for 127.0.0.1 at 2017-10-25 22:49:33 -0400
Processing by PostsController#create as HTML
  Parameters: {"utf8"=>"✓", "authenticity_token"=>"FxuSi/0X1dBt6HbLPTnANrq7qAtPCUmeeV+fcuhuyavuFDWl9Tbd4Iz+AZijRTz2bRJMPZNtVFEFLANqsNmtDQ==", "post"=>{"title"=>"The Salsa", "text"=>"Was very spicy, but good."}, "commit"=>"Create Post"}
  [1m[36mPost Load (0.2ms)[0m  [1m[34mSELECT  "posts".* FROM "posts" WHERE "posts"."id" = ? LIMIT ?[0m  [["id", nil], ["LIMIT", 1]]
Completed 404 Not Found in 2ms (ActiveRecord: 0.2ms)


  
ActiveRecord::RecordNotFound (Couldn't find Post with 'id'=):
  
app/controllers/posts_controller.rb:44:in `set_post'
  Rendering /Users/BradSmith/.rvm/gems/ruby-2.3.0/gems/actionpack-5.0.6/lib/action_dispatch/middleware/templates/rescues/diagnostics.html.erb within rescues/layout
  Rendering /Users/BradSmith/.rvm/gems/ruby-2.3.0/gems/actionpack-5.0.6/lib/action_dispatch/middleware/templates/rescues/_source.html.erb
  Rendered /Users/BradSmith/.rvm/gems/ruby-2.3.0/gems/actionpack-5.0.6/lib/action_dispatch/middleware/templates/rescues/_source.html.erb (2.3ms)
  Rendering /Users/BradSmith/.rvm/gems/ruby-2.3.0/gems/actionpack-5.0.6/lib/action_dispatch/middleware/templates/rescues/_trace.html.erb
  Rendered /Users/BradSmith/.rvm/gems/ruby-2.3.0/gems/actionpack-5.0.6/lib/action_dispatch/middleware/templates/rescues/_trace.html.erb (1.2ms)
  Rendering /Users/BradSmith/.rvm/gems/ruby-2.3.0/gems/actionpack-5.0.6/lib/action_dispatch/middleware/templates/rescues/_request_and_response.html.erb
  Rendered /Users/BradSmith/.rvm/gems/ruby-2.3.0/gems/actionpack-5.0.6/lib/action_dispatch/middleware/templates/rescues/_request_and_response.html.erb (0.9ms)
  Rendered /Users/BradSmith/.rvm/gems/ruby-2.3.0/gems/actionpack-5.0.6/lib/action_dispatch/middleware/templates/rescues/diagnostics.html.erb within rescues/layout (51.0ms)
DEPRECATION WARNING: Accessing mime types via constants is deprecated. Please change `Mime::HTML` to `Mime[:html]`. (called from acceptable_content_type? at /Users/BradSmith/.rvm/gems/ruby-2.3.0/gems/web-console-2.3.0/lib/web_console/middleware.rb:58)
  Rendering /Users/BradSmith/.rvm/gems/ruby-2.3.0/gems/web-console-2.3.0/lib/web_console/templates/index.html.erb
  Rendered /Users/BradSmith/.rvm/gems/ruby-2.3.0/gems/web-console-2.3.0/lib/web_console/templates/_markup.html.erb (0.3ms)
  Rendering /Users/BradSmith/.rvm/gems/ruby-2.3.0/gems/web-console-2.3.0/lib/web_console/templates/console.js.erb within layouts/javascript
  Rendering /Users/BradSmith/.rvm/gems/ruby-2.3.0/gems/web-console-2.3.0/lib/web_console/templates/_inner_console_markup.html.erb within layouts/inlined_string
  Rendered /Users/BradSmith/.rvm/gems/ruby-2.3.0/gems/web-console-2.3.0/lib/web_console/templates/_inner_console_markup.html.erb within layouts/inlined_string (0.3ms)
  Rendering /Users/BradSmith/.rvm/gems/ruby-2.3.0/gems/web-console-2.3.0/lib/web_console/templates/_prompt_box_markup.html.erb within layouts/inlined_string
  Rendered /Users/BradSmith/.rvm/gems/ruby-2.3.0/gems/web-console-2.3.0/lib/web_console/templates/_prompt_box_markup.html.erb within layouts/inlined_string (0.3ms)
  Rendering /Users/BradSmith/.rvm/gems/ruby-2.3.0/gems/web-console-2.3.0/lib/web_console/templates/style.css.erb within layouts/inlined_string
  Rendered /Users/BradSmith/.rvm/gems/ruby-2.3.0/gems/web-console-2.3.0/lib/web_console/templates/style.css.erb within layouts/inlined_string (0.3ms)
DEPRECATION WARNING: Accessing mime types via constants is deprecated. Please change `Mime::WEB_CONSOLE_V2` to `Mime[:web_console_v2]`. (called from ___sers__rad_mith__rvm_gems_ruby_______gems_web_console_______lib_web_console_templates_console_js_erb___2730501452902089239_70241565250480 at /Users/BradSmith/.rvm/gems/ruby-2.3.0/gems/web-console-2.3.0/lib/web_console/templates/console.js.erb:491)
  Rendered /Users/BradSmith/.rvm/gems/ruby-2.3.0/gems/web-console-2.3.0/lib/web_console/templates/console.js.erb within layouts/javascript (51.6ms)
  Rendering /Users/BradSmith/.rvm/gems/ruby-2.3.0/gems/web-console-2.3.0/lib/web_console/templates/main.js.erb within layouts/javascript
  Rendered /Users/BradSmith/.rvm/gems/ruby-2.3.0/gems/web-console-2.3.0/lib/web_console/templates/main.js.erb within layouts/javascript (0.3ms)
  Rendering /Users/BradSmith/.rvm/gems/ruby-2.3.0/gems/web-console-2.3.0/lib/web_console/templates/error_page.js.erb within layouts/javascript
  Rendered /Users/BradSmith/.rvm/gems/ruby-2.3.0/gems/web-console-2.3.0/lib/web_console/templates/error_page.js.erb within layouts/javascript (0.4ms)
  Rendered /Users/BradSmith/.rvm/gems/ruby-2.3.0/gems/web-console-2.3.0/lib/web_console/templates/index.html.erb (112.0ms)
Started PUT "/__web_console/repl_sessions/5e06f39ab33284bb79823994ed1869b7" for 127.0.0.1 at 2017-10-25 22:49:53 -0400
DEPRECATION WARNING: Accessing mime types via constants is deprecated. Please change `Mime::WEB_CONSOLE_V2` to `Mime[:web_console_v2]`. (called from block in acceptable? at /Users/BradSmith/.rvm/gems/ruby-2.3.0/gems/web-console-2.3.0/lib/web_console/request.rb:26)
Started POST "/posts" for 127.0.0.1 at 2017-10-25 22:50:25 -0400
Processing by PostsController#create as HTML
  Parameters: {"utf8"=>"✓", "authenticity_token"=>"FxuSi/0X1dBt6HbLPTnANrq7qAtPCUmeeV+fcuhuyavuFDWl9Tbd4Iz+AZijRTz2bRJMPZNtVFEFLANqsNmtDQ==", "post"=>{"title"=>"The Salsa", "text"=>"Was very spicy, but good."}, "commit"=>"Create Post"}
  [1m[35m (0.1ms)[0m  [1m[36mbegin transaction[0m
  [1m[35mSQL (0.6ms)[0m  [1m[32mINSERT INTO "posts" ("title", "text", "created_at", "updated_at") VALUES (?, ?, ?, ?)[0m  [["title", "The Salsa"], ["text", "Was very spicy, but good."], ["created_at", "2017-10-26 02:50:25.096210"], ["updated_at", "2017-10-26 02:50:25.096210"]]
  [1m[35m (0.8ms)[0m  [1m[36mcommit transaction[0m
Redirected to http://127.0.0.1:3000/posts/6
Completed 302 Found in 11ms (ActiveRecord: 2.0ms)


Started GET "/posts/6" for 127.0.0.1 at 2017-10-25 22:50:25 -0400
Processing by PostsController#show as HTML
  Parameters: {"id"=>"6"}
  [1m[36mPost Load (0.1ms)[0m  [1m[34mSELECT  "posts".* FROM "posts" WHERE "posts"."id" = ? LIMIT ?[0m  [["id", 6], ["LIMIT", 1]]
  Rendering posts/show.html.erb within layouts/application
  [1m[36mComment Load (0.1ms)[0m  [1m[34mSELECT "comments".* FROM "comments" WHERE "comments"."post_id" = ?[0m  [["post_id", 6]]
  Rendered collection of templates [0 times] (0.0ms)
  Rendered comments/_form.html.erb (7.7ms)
  Rendered posts/show.html.erb within layouts/application (17.1ms)
Completed 200 OK in 33ms (Views: 29.9ms | ActiveRecord: 0.6ms)


Started GET "/" for 127.0.0.1 at 2017-10-25 22:50:30 -0400
Processing by WelcomeController#index as HTML
  Rendering welcome/index.html.erb within layouts/application
  Rendered welcome/index.html.erb within layouts/application (1.0ms)
Completed 200 OK in 18ms (Views: 15.3ms | ActiveRecord: 0.0ms)


Started GET "/posts" for 127.0.0.1 at 2017-10-25 22:50:32 -0400
Processing by PostsController#index as HTML
  Rendering posts/index.html.erb within layouts/application
  [1m[36mPost Load (0.2ms)[0m  [1m[34mSELECT "posts".* FROM "posts"[0m
  Rendered posts/index.html.erb within layouts/application (3.2ms)
Completed 200 OK in 18ms (Views: 16.6ms | ActiveRecord: 0.2ms)


Started GET "/posts/1" for 127.0.0.1 at 2017-10-25 22:50:56 -0400
Processing by PostsController#show as HTML
  Parameters: {"id"=>"1"}
  [1m[36mPost Load (0.1ms)[0m  [1m[34mSELECT  "posts".* FROM "posts" WHERE "posts"."id" = ? LIMIT ?[0m  [["id", 1], ["LIMIT", 1]]
  Rendering posts/show.html.erb within layouts/application
  [1m[36mComment Load (0.1ms)[0m  [1m[34mSELECT "comments".* FROM "comments" WHERE "comments"."post_id" = ?[0m  [["post_id", 1]]
  Rendered collection of templates [0 times] (0.0ms)
  Rendered comments/_form.html.erb (2.0ms)
  Rendered posts/show.html.erb within layouts/application (6.2ms)
Completed 200 OK in 24ms (Views: 20.4ms | ActiveRecord: 0.2ms)


Started POST "/posts/1/comments" for 127.0.0.1 at 2017-10-25 22:51:08 -0400
Processing by CommentsController#create as HTML
  Parameters: {"utf8"=>"✓", "authenticity_token"=>"9ofSn/5uuZGw1lUwDzQUCDXxHHAcN3VGJJgu56yBmOkPiHWx9k+xoVHAImORSOjI4lj4RsBTaIlY67L/9Db8Tw==", "comment"=>{"commenter"=>"Bobby", "body"=>"Good call."}, "commit"=>"Create Comment", "post_id"=>"1"}
  [1m[36mPost Load (0.1ms)[0m  [1m[34mSELECT  "posts".* FROM "posts" WHERE "posts"."id" = ? LIMIT ?[0m  [["id", 1], ["LIMIT", 1]]
  [1m[35m (0.0ms)[0m  [1m[36mbegin transaction[0m
  [1m[35mSQL (0.3ms)[0m  [1m[32mINSERT INTO "comments" ("commenter", "body", "post_id", "created_at", "updated_at") VALUES (?, ?, ?, ?, ?)[0m  [["commenter", "Bobby"], ["body", "Good call."], ["post_id", 1], ["created_at", "2017-10-26 02:51:08.258611"], ["updated_at", "2017-10-26 02:51:08.258611"]]
  [1m[35m (1.1ms)[0m  [1m[36mcommit transaction[0m
Redirected to http://127.0.0.1:3000/posts/1
Completed 302 Found in 6ms (ActiveRecord: 1.5ms)


Started GET "/posts/1" for 127.0.0.1 at 2017-10-25 22:51:08 -0400
Processing by PostsController#show as HTML
  Parameters: {"id"=>"1"}
  [1m[36mPost Load (0.1ms)[0m  [1m[34mSELECT  "posts".* FROM "posts" WHERE "posts"."id" = ? LIMIT ?[0m  [["id", 1], ["LIMIT", 1]]
  Rendering posts/show.html.erb within layouts/application
  [1m[36mComment Load (0.1ms)[0m  [1m[34mSELECT "comments".* FROM "comments" WHERE "comments"."post_id" = ?[0m  [["post_id", 1]]
  Rendered collection of comments/_comment.html.erb [1 times] (0.9ms)
  Rendered comments/_form.html.erb (1.9ms)
  Rendered posts/show.html.erb within layouts/application (7.8ms)
Completed 200 OK in 26ms (Views: 23.4ms | ActiveRecord: 0.2ms)


Started DELETE "/posts/1/comments/1" for 127.0.0.1 at 2017-10-25 22:51:13 -0400
Processing by CommentsController#destroy as HTML
  Parameters: {"authenticity_token"=>"NklYUJiyUsW6bgp8NlYCaZi1xPZMTlqBhu8xiHafruHPRv9+kJNa9Vt4fS+oKv6pTxwgwJAqR076nK2QLijKRw==", "post_id"=>"1", "id"=>"1"}
  [1m[36mPost Load (0.2ms)[0m  [1m[34mSELECT  "posts".* FROM "posts" WHERE "posts"."id" = ? LIMIT ?[0m  [["id", 1], ["LIMIT", 1]]
  [1m[36mComment Load (0.1ms)[0m  [1m[34mSELECT  "comments".* FROM "comments" WHERE "comments"."post_id" = ? AND "comments"."id" = ? LIMIT ?[0m  [["post_id", 1], ["id", 1], ["LIMIT", 1]]
  [1m[35m (0.0ms)[0m  [1m[36mbegin transaction[0m
  [1m[35mSQL (0.3ms)[0m  [1m[31mDELETE FROM "comments" WHERE "comments"."id" = ?[0m  [["id", 1]]
  [1m[35m (1.4ms)[0m  [1m[36mcommit transaction[0m
Redirected to http://127.0.0.1:3000/posts/1
Completed 302 Found in 8ms (ActiveRecord: 2.1ms)


Started GET "/posts/1" for 127.0.0.1 at 2017-10-25 22:51:13 -0400
Processing by PostsController#show as HTML
  Parameters: {"id"=>"1"}
  [1m[36mPost Load (0.1ms)[0m  [1m[34mSELECT  "posts".* FROM "posts" WHERE "posts"."id" = ? LIMIT ?[0m  [["id", 1], ["LIMIT", 1]]
  Rendering posts/show.html.erb within layouts/application
  [1m[36mComment Load (0.4ms)[0m  [1m[34mSELECT "comments".* FROM "comments" WHERE "comments"."post_id" = ?[0m  [["post_id", 1]]
  Rendered collection of templates [0 times] (0.0ms)
  Rendered comments/_form.html.erb (2.1ms)
  Rendered posts/show.html.erb within layouts/application (6.6ms)
Completed 200 OK in 24ms (Views: 20.9ms | ActiveRecord: 0.5ms)


Started GET "/" for 127.0.0.1 at 2017-10-25 22:51:16 -0400
Processing by WelcomeController#index as HTML
  Rendering welcome/index.html.erb within layouts/application
  Rendered welcome/index.html.erb within layouts/application (0.8ms)
Completed 200 OK in 15ms (Views: 13.2ms | ActiveRecord: 0.0ms)


Started GET "/posts" for 127.0.0.1 at 2017-10-25 22:51:17 -0400
Processing by PostsController#index as HTML
  Rendering posts/index.html.erb within layouts/application
  [1m[36mPost Load (0.3ms)[0m  [1m[34mSELECT "posts".* FROM "posts"[0m
  Rendered posts/index.html.erb within layouts/application (2.8ms)
Completed 200 OK in 18ms (Views: 14.7ms | ActiveRecord: 0.3ms)


Started GET "/posts/6/edit" for 127.0.0.1 at 2017-10-25 22:51:21 -0400
Processing by PostsController#edit as HTML
  Parameters: {"id"=>"6"}
  [1m[36mPost Load (0.1ms)[0m  [1m[34mSELECT  "posts".* FROM "posts" WHERE "posts"."id" = ? LIMIT ?[0m  [["id", 6], ["LIMIT", 1]]
  Rendering posts/edit.html.erb within layouts/application
  Rendered posts/_form.html.erb (1.7ms)
  Rendered posts/edit.html.erb within layouts/application (4.8ms)
Completed 200 OK in 23ms (Views: 20.3ms | ActiveRecord: 0.1ms)


Started PATCH "/posts/6" for 127.0.0.1 at 2017-10-25 22:51:28 -0400
Processing by PostsController#update as HTML
  Parameters: {"utf8"=>"✓", "authenticity_token"=>"FRrN7SBt3MBahZfDAkEcPjQfnp0MtNszrxYsEZbyr8TsFWrDKEzU8LuT4JCcPeD+47Z6q9DQxvzTZbAJzkXLYg==", "post"=>{"title"=>"The Salsa Band", "text"=>"Was very spicy, but good."}, "commit"=>"Update Post", "id"=>"6"}
  [1m[36mPost Load (0.1ms)[0m  [1m[34mSELECT  "posts".* FROM "posts" WHERE "posts"."id" = ? LIMIT ?[0m  [["id", 6], ["LIMIT", 1]]
  [1m[35m (0.0ms)[0m  [1m[36mbegin transaction[0m
  [1m[35mSQL (0.3ms)[0m  [1m[33mUPDATE "posts" SET "title" = ?, "updated_at" = ? WHERE "posts"."id" = ?[0m  [["title", "The Salsa Band"], ["updated_at", "2017-10-26 02:51:28.370760"], ["id", 6]]
  [1m[35m (1.2ms)[0m  [1m[36mcommit transaction[0m
Redirected to http://127.0.0.1:3000/posts/6
Completed 302 Found in 6ms (ActiveRecord: 1.6ms)


Started GET "/posts/6" for 127.0.0.1 at 2017-10-25 22:51:28 -0400
Processing by PostsController#show as HTML
  Parameters: {"id"=>"6"}
  [1m[36mPost Load (0.1ms)[0m  [1m[34mSELECT  "posts".* FROM "posts" WHERE "posts"."id" = ? LIMIT ?[0m  [["id", 6], ["LIMIT", 1]]
  Rendering posts/show.html.erb within layouts/application
  [1m[36mComment Load (0.1ms)[0m  [1m[34mSELECT "comments".* FROM "comments" WHERE "comments"."post_id" = ?[0m  [["post_id", 6]]
  Rendered collection of templates [0 times] (0.1ms)
  Rendered comments/_form.html.erb (2.7ms)
  Rendered posts/show.html.erb within layouts/application (6.2ms)
Completed 200 OK in 33ms (Views: 30.0ms | ActiveRecord: 0.2ms)


Started GET "/" for 127.0.0.1 at 2017-10-25 22:51:30 -0400
Processing by WelcomeController#index as HTML
  Rendering welcome/index.html.erb within layouts/application
  Rendered welcome/index.html.erb within layouts/application (0.8ms)
Completed 200 OK in 18ms (Views: 15.1ms | ActiveRecord: 0.0ms)


Started GET "/posts" for 127.0.0.1 at 2017-10-25 22:51:32 -0400
Processing by PostsController#index as HTML
  Rendering posts/index.html.erb within layouts/application
  [1m[36mPost Load (0.1ms)[0m  [1m[34mSELECT "posts".* FROM "posts"[0m
  Rendered posts/index.html.erb within layouts/application (3.9ms)
Completed 200 OK in 24ms (Views: 20.6ms | ActiveRecord: 0.1ms)


Started GET "/posts/new" for 127.0.0.1 at 2017-10-25 22:51:36 -0400
Processing by PostsController#new as HTML
  Rendering posts/new.html.erb within layouts/application
  Rendered posts/_form.html.erb (1.5ms)
  Rendered posts/new.html.erb within layouts/application (3.1ms)
Completed 200 OK in 18ms (Views: 16.3ms | ActiveRecord: 0.0ms)


Started POST "/posts" for 127.0.0.1 at 2017-10-25 22:51:50 -0400
Processing by PostsController#create as HTML
  Parameters: {"utf8"=>"✓", "authenticity_token"=>"5u7UcEu9t8BYwuT1UMUc4sMS7mPirn2rMUFw8RrI0hYf4XNeQ5y/8LnUk6bOueAiFLsKVT7KYGRNMuzpQn+2sA==", "post"=>{"title"=>"When I visit Macon", "text"=>"I'm in Georgia"}, "commit"=>"Create Post"}
  [1m[35m (0.0ms)[0m  [1m[36mbegin transaction[0m
  [1m[35mSQL (0.3ms)[0m  [1m[32mINSERT INTO "posts" ("title", "text", "created_at", "updated_at") VALUES (?, ?, ?, ?)[0m  [["title", "When I visit Macon"], ["text", "I'm in Georgia"], ["created_at", "2017-10-26 02:51:50.592810"], ["updated_at", "2017-10-26 02:51:50.592810"]]
  [1m[35m (1.1ms)[0m  [1m[36mcommit transaction[0m
Redirected to http://127.0.0.1:3000/posts/7
Completed 302 Found in 4ms (ActiveRecord: 1.5ms)


Started GET "/posts/7" for 127.0.0.1 at 2017-10-25 22:51:50 -0400
Processing by PostsController#show as HTML
  Parameters: {"id"=>"7"}
  [1m[36mPost Load (0.1ms)[0m  [1m[34mSELECT  "posts".* FROM "posts" WHERE "posts"."id" = ? LIMIT ?[0m  [["id", 7], ["LIMIT", 1]]
  Rendering posts/show.html.erb within layouts/application
  [1m[36mComment Load (0.1ms)[0m  [1m[34mSELECT "comments".* FROM "comments" WHERE "comments"."post_id" = ?[0m  [["post_id", 7]]
  Rendered collection of templates [0 times] (0.0ms)
  Rendered comments/_form.html.erb (2.1ms)
  Rendered posts/show.html.erb within layouts/application (5.4ms)
Completed 200 OK in 19ms (Views: 16.8ms | ActiveRecord: 0.1ms)


Started POST "/posts/7/comments" for 127.0.0.1 at 2017-10-25 22:52:13 -0400
Processing by CommentsController#create as HTML
  Parameters: {"utf8"=>"✓", "authenticity_token"=>"ZTIIey5BWApqKWeJWSbENqpIVLTBxJxDxCmDxP30iaKcPa9VJmBQOos/ENrHWjj2feGwgh2ggYy4Wh/cpUPtBA==", "comment"=>{"commenter"=>"Sue Dawson", "body"=>"We used to live in Macon."}, "commit"=>"Create Comment", "post_id"=>"7"}
  [1m[36mPost Load (0.1ms)[0m  [1m[34mSELECT  "posts".* FROM "posts" WHERE "posts"."id" = ? LIMIT ?[0m  [["id", 7], ["LIMIT", 1]]
  [1m[35m (0.1ms)[0m  [1m[36mbegin transaction[0m
  [1m[35mSQL (0.4ms)[0m  [1m[32mINSERT INTO "comments" ("commenter", "body", "post_id", "created_at", "updated_at") VALUES (?, ?, ?, ?, ?)[0m  [["commenter", "Sue Dawson"], ["body", "We used to live in Macon."], ["post_id", 7], ["created_at", "2017-10-26 02:52:13.227599"], ["updated_at", "2017-10-26 02:52:13.227599"]]
  [1m[35m (1.7ms)[0m  [1m[36mcommit transaction[0m
Redirected to http://127.0.0.1:3000/posts/7
Completed 302 Found in 7ms (ActiveRecord: 2.2ms)


Started GET "/posts/7" for 127.0.0.1 at 2017-10-25 22:52:13 -0400
Processing by PostsController#show as HTML
  Parameters: {"id"=>"7"}
  [1m[36mPost Load (0.1ms)[0m  [1m[34mSELECT  "posts".* FROM "posts" WHERE "posts"."id" = ? LIMIT ?[0m  [["id", 7], ["LIMIT", 1]]
  Rendering posts/show.html.erb within layouts/application
  [1m[36mComment Load (0.1ms)[0m  [1m[34mSELECT "comments".* FROM "comments" WHERE "comments"."post_id" = ?[0m  [["post_id", 7]]
  Rendered collection of comments/_comment.html.erb [1 times] (0.8ms)
  Rendered comments/_form.html.erb (2.0ms)
  Rendered posts/show.html.erb within layouts/application (7.7ms)
Completed 200 OK in 24ms (Views: 21.8ms | ActiveRecord: 0.2ms)


Started POST "/posts/7/comments" for 127.0.0.1 at 2017-10-25 22:52:23 -0400
Processing by CommentsController#create as HTML
  Parameters: {"utf8"=>"✓", "authenticity_token"=>"AiK4V5B9XELZTUM1aUoJ32tT1F/BvAHnCUAHGYpc2pr7LR95mFxUcjhbNGb3NvUfvPowaR3YHCh1M5sB0uu+PA==", "comment"=>{"commenter"=>"Ray Dawson", "body"=>"Me too."}, "commit"=>"Create Comment", "post_id"=>"7"}
  [1m[36mPost Load (0.1ms)[0m  [1m[34mSELECT  "posts".* FROM "posts" WHERE "posts"."id" = ? LIMIT ?[0m  [["id", 7], ["LIMIT", 1]]
  [1m[35m (0.1ms)[0m  [1m[36mbegin transaction[0m
  [1m[35mSQL (0.3ms)[0m  [1m[32mINSERT INTO "comments" ("commenter", "body", "post_id", "created_at", "updated_at") VALUES (?, ?, ?, ?, ?)[0m  [["commenter", "Ray Dawson"], ["body", "Me too."], ["post_id", 7], ["created_at", "2017-10-26 02:52:23.208484"], ["updated_at", "2017-10-26 02:52:23.208484"]]
  [1m[35m (1.4ms)[0m  [1m[36mcommit transaction[0m
Redirected to http://127.0.0.1:3000/posts/7
Completed 302 Found in 7ms (ActiveRecord: 1.9ms)


Started GET "/posts/7" for 127.0.0.1 at 2017-10-25 22:52:23 -0400
Processing by PostsController#show as HTML
  Parameters: {"id"=>"7"}
  [1m[36mPost Load (0.1ms)[0m  [1m[34mSELECT  "posts".* FROM "posts" WHERE "posts"."id" = ? LIMIT ?[0m  [["id", 7], ["LIMIT", 1]]
  Rendering posts/show.html.erb within layouts/application
  [1m[36mComment Load (0.1ms)[0m  [1m[34mSELECT "comments".* FROM "comments" WHERE "comments"."post_id" = ?[0m  [["post_id", 7]]
  Rendered collection of comments/_comment.html.erb [2 times] (0.7ms)
  Rendered comments/_form.html.erb (3.0ms)
  Rendered posts/show.html.erb within layouts/application (7.7ms)
Completed 200 OK in 24ms (Views: 21.6ms | ActiveRecord: 0.2ms)


Started GET "/posts/7" for 127.0.0.1 at 2017-10-25 22:53:04 -0400
Processing by PostsController#show as HTML
  Parameters: {"id"=>"7"}
  [1m[36mPost Load (0.1ms)[0m  [1m[34mSELECT  "posts".* FROM "posts" WHERE "posts"."id" = ? LIMIT ?[0m  [["id", 7], ["LIMIT", 1]]
  Rendering posts/show.html.erb within layouts/application
  [1m[36mComment Load (0.1ms)[0m  [1m[34mSELECT "comments".* FROM "comments" WHERE "comments"."post_id" = ?[0m  [["post_id", 7]]
  Rendered collection of comments/_comment.html.erb [2 times] (1.3ms)
  Rendered comments/_form.html.erb (1.9ms)
  Rendered posts/show.html.erb within layouts/application (8.4ms)
Completed 200 OK in 23ms (Views: 20.7ms | ActiveRecord: 0.2ms)


Started GET "/posts/7" for 127.0.0.1 at 2017-10-25 22:53:06 -0400
Processing by PostsController#show as HTML
  Parameters: {"id"=>"7"}
  [1m[36mPost Load (0.1ms)[0m  [1m[34mSELECT  "posts".* FROM "posts" WHERE "posts"."id" = ? LIMIT ?[0m  [["id", 7], ["LIMIT", 1]]
  Rendering posts/show.html.erb within layouts/application
  [1m[36mComment Load (0.1ms)[0m  [1m[34mSELECT "comments".* FROM "comments" WHERE "comments"."post_id" = ?[0m  [["post_id", 7]]
  Rendered collection of comments/_comment.html.erb [2 times] (0.8ms)
  Rendered comments/_form.html.erb (1.7ms)
  Rendered posts/show.html.erb within layouts/application (6.5ms)
Completed 200 OK in 22ms (Views: 19.2ms | ActiveRecord: 0.2ms)


Started GET "/posts/7" for 127.0.0.1 at 2017-10-25 22:53:07 -0400
Processing by PostsController#show as HTML
  Parameters: {"id"=>"7"}
  [1m[36mPost Load (0.1ms)[0m  [1m[34mSELECT  "posts".* FROM "posts" WHERE "posts"."id" = ? LIMIT ?[0m  [["id", 7], ["LIMIT", 1]]
  Rendering posts/show.html.erb within layouts/application
  [1m[36mComment Load (0.1ms)[0m  [1m[34mSELECT "comments".* FROM "comments" WHERE "comments"."post_id" = ?[0m  [["post_id", 7]]
  Rendered collection of comments/_comment.html.erb [2 times] (0.7ms)
  Rendered comments/_form.html.erb (2.6ms)
  Rendered posts/show.html.erb within layouts/application (7.1ms)
Completed 200 OK in 22ms (Views: 20.3ms | ActiveRecord: 0.1ms)


Started GET "/posts/7" for 127.0.0.1 at 2017-10-25 22:53:17 -0400
Processing by PostsController#show as HTML
  Parameters: {"id"=>"7"}
  [1m[36mPost Load (0.1ms)[0m  [1m[34mSELECT  "posts".* FROM "posts" WHERE "posts"."id" = ? LIMIT ?[0m  [["id", 7], ["LIMIT", 1]]
  Rendering posts/show.html.erb within layouts/application
  [1m[36mComment Load (0.1ms)[0m  [1m[34mSELECT "comments".* FROM "comments" WHERE "comments"."post_id" = ?[0m  [["post_id", 7]]
  Rendered collection of comments/_comment.html.erb [2 times] (1.5ms)
  Rendered comments/_form.html.erb (2.0ms)
  Rendered posts/show.html.erb within layouts/application (8.1ms)
Completed 200 OK in 22ms (Views: 19.5ms | ActiveRecord: 0.2ms)


Started GET "/posts/7" for 127.0.0.1 at 2017-10-25 22:53:20 -0400
Processing by PostsController#show as HTML
  Parameters: {"id"=>"7"}
  [1m[36mPost Load (0.1ms)[0m  [1m[34mSELECT  "posts".* FROM "posts" WHERE "posts"."id" = ? LIMIT ?[0m  [["id", 7], ["LIMIT", 1]]
  Rendering posts/show.html.erb within layouts/application
  [1m[36mComment Load (0.1ms)[0m  [1m[34mSELECT "comments".* FROM "comments" WHERE "comments"."post_id" = ?[0m  [["post_id", 7]]
  Rendered collection of comments/_comment.html.erb [2 times] (7.2ms)
  Rendered comments/_form.html.erb (1.8ms)
  Rendered posts/show.html.erb within layouts/application (13.0ms)
Completed 200 OK in 29ms (Views: 25.4ms | ActiveRecord: 0.2ms)


Started GET "/posts/7/edit" for 127.0.0.1 at 2017-10-25 22:53:30 -0400
Processing by PostsController#edit as HTML
  Parameters: {"id"=>"7"}
  [1m[36mPost Load (0.1ms)[0m  [1m[34mSELECT  "posts".* FROM "posts" WHERE "posts"."id" = ? LIMIT ?[0m  [["id", 7], ["LIMIT", 1]]
  Rendering posts/edit.html.erb within layouts/application
  Rendered posts/_form.html.erb (1.8ms)
  Rendered posts/edit.html.erb within layouts/application (3.7ms)
Completed 200 OK in 20ms (Views: 17.7ms | ActiveRecord: 0.1ms)


Started GET "/posts/7" for 127.0.0.1 at 2017-10-25 22:54:58 -0400
Processing by PostsController#show as HTML
  Parameters: {"id"=>"7"}
  [1m[36mPost Load (0.1ms)[0m  [1m[34mSELECT  "posts".* FROM "posts" WHERE "posts"."id" = ? LIMIT ?[0m  [["id", 7], ["LIMIT", 1]]
  Rendering posts/show.html.erb within layouts/application
  [1m[36mComment Load (0.1ms)[0m  [1m[34mSELECT "comments".* FROM "comments" WHERE "comments"."post_id" = ?[0m  [["post_id", 7]]
  Rendered collection of comments/_comment.html.erb [2 times] (0.9ms)
  Rendered comments/_form.html.erb (2.6ms)
  Rendered posts/show.html.erb within layouts/application (8.0ms)
Completed 200 OK in 22ms (Views: 20.5ms | ActiveRecord: 0.1ms)


